<?xml version="1.0" encoding="UTF-8"?>
<!-- Generated by org.testng.reporters.JUnitReportReporter -->
<testsuite hostname="DESKTOP-IR0K7AC" failures="0" tests="8" name="com.sgtesting.scenarios.CreateUserScenario" time="49.569" errors="0" timestamp="2021-10-22T21:16:58 IST" skipped="0">
  <testcase classname="com.sgtesting.scenarios.CreateUserScenario" name="launchBrowser" time="1.469"/>
  <system-out/>
  <testcase classname="com.sgtesting.scenarios.CreateUserScenario" name="navigate" time="6.131"/>
  <system-out/>
  <testcase classname="com.sgtesting.scenarios.CreateUserScenario" name="login" time="4.214"/>
  <system-out/>
  <testcase classname="com.sgtesting.scenarios.CreateUserScenario" name="minimizeFlyOutWindow" time="7.961"/>
  <system-out/>
  <testcase classname="com.sgtesting.scenarios.CreateUserScenario" name="createUser" time="12.479"/>
  <system-out/>
  <testcase classname="com.sgtesting.scenarios.CreateUserScenario" name="deleteUser" time="6.260"/>
  <system-out/>
  <testcase classname="com.sgtesting.scenarios.CreateUserScenario" name="logout" time="2.527"/>
  <system-out/>
  <testcase classname="com.sgtesting.scenarios.CreateUserScenario" name="closeApplication" time="8.528"/>
  <system-out/>
</testsuite> <!-- com.sgtesting.scenarios.CreateUserScenario -->
