<?xml version="1.0" encoding="UTF-8"?>
<!-- Generated by org.testng.reporters.JUnitReportReporter -->
<testsuite hostname="DESKTOP-IR0K7AC" failures="0" tests="6" name="com.sgtesting.testng.LoginLogout" time="32.028" errors="0" timestamp="2021-10-22T08:23:07 IST" skipped="0">
  <testcase classname="com.sgtesting.testng.LoginLogout" name="launchBrowser" time="1.579"/>
  <system-out/>
  <testcase classname="com.sgtesting.testng.LoginLogout" name="navigate" time="4.869"/>
  <system-out/>
  <testcase classname="com.sgtesting.testng.LoginLogout" name="login" time="8.417"/>
  <system-out/>
  <testcase classname="com.sgtesting.testng.LoginLogout" name="login" time="8.571"/>
  <system-out/>
  <testcase classname="com.sgtesting.testng.LoginLogout" name="login" time="8.450"/>
  <system-out/>
  <testcase classname="com.sgtesting.testng.LoginLogout" name="closeApplication" time="0.142"/>
  <system-out/>
</testsuite> <!-- com.sgtesting.testng.LoginLogout -->
